#
# There is insufficient memory for the Java Runtime Environment to continue.
# Native memory allocation (malloc) failed to allocate 1708952 bytes. Error detail: Chunk::new
# Possible reasons:
#   The system is out of physical RAM or swap space
#   This process is running with CompressedOops enabled, and the Java Heap may be blocking the growth of the native heap
# Possible solutions:
#   Reduce memory load on the system
#   Increase physical memory or swap space
#   Check if swap backing store is full
#   Decrease Java heap size (-Xmx/-Xms)
#   Decrease number of Java threads
#   Decrease Java thread stack sizes (-Xss)
#   Set larger code cache with -XX:ReservedCodeCacheSize=
#   JVM is running with Unscaled Compressed Oops mode in which the Java heap is
#     placed in the first 4GB address space. The Java Heap base address is the
#     maximum limit for the native heap growth. Please use -XX:HeapBaseMinAddress
#     to set the Java Heap base and to place the Java Heap above 4GB virtual address.
# This output file may be truncated or incomplete.
#
#  Out of Memory Error (arena.cpp:186), pid=12244, tid=33328
#
# JRE version: OpenJDK Runtime Environment Temurin-25.0.1+8 (25.0.1+8) (build 25.0.1+8-LTS)
# Java VM: OpenJDK 64-Bit Server VM Temurin-25.0.1+8 (25.0.1+8-LTS, mixed mode, sharing, tiered, compressed oops, compressed class ptrs, g1 gc, windows-amd64)
# No core dump will be written. Minidumps are not enabled by default on client versions of Windows
#

---------------  S U M M A R Y ------------

Command Line: -Dfile.encoding=UTF-8 --module-path=C:\Users\juans\Desktop\Skyline Tickets\repositorio_Skyline\Skyline-Tickets\build\classes skyline_tickets.SkylineTickets

Host: 12th Gen Intel(R) Core(TM) i5-12450HX, 12 cores, 7G,  Windows 11 , 64 bit Build 26100 (10.0.26100.8521)
Time: Sun Jun 28 00:47:29 2026 Hora est. Pac璗ico, Sudam廨ica elapsed time: 4.668542 seconds (0d 0h 0m 4s)

---------------  T H R E A D  ---------------

Current thread (0x000001f1fadde7a0):  JavaThread "C2 CompilerThread0" daemon [_thread_in_native, id=33328, stack(0x0000006f6bb00000,0x0000006f6bc00000) (1024K)]


Current CompileTask:
C2:4668 2466       4       sun.java2d.marlin.MarlinCache::copyAARowRLE_WithBlockFlags (733 bytes)

Stack: [0x0000006f6bb00000,0x0000006f6bc00000]
Native frames: (J=compiled Java code, j=interpreted, Vv=VM code, C=native code)
V  [jvm.dll+0x7a8379]  (no source info available)
V  [jvm.dll+0x7729fd]  (no source info available)
V  [jvm.dll+0x9f57b3]  (no source info available)
V  [jvm.dll+0x9f7da1]  (no source info available)
V  [jvm.dll+0x9f84a3]  (no source info available)
V  [jvm.dll+0x2fcd26]  (no source info available)
V  [jvm.dll+0x111086]  (no source info available)
V  [jvm.dll+0x1113ae]  (no source info available)
V  [jvm.dll+0x1a01a2]  (no source info available)
V  [jvm.dll+0x3b5e72]  (no source info available)
V  [jvm.dll+0x7adcec]  (no source info available)
V  [jvm.dll+0x2c0327]  (no source info available)
V  [jvm.dll+0x2bf2ef]  (no source info available)
V  [jvm.dll+0x237300]  (no source info available)
V  [jvm.dll+0x2cf386]  (no source info available)
V  [jvm.dll+0x2cd60a]  (no source info available)
V  [jvm.dll+0x48f64e]  (no source info available)
V  [jvm.dll+0x99630d]  (no source info available)
V  [jvm.dll+0x7a6955]  (no source info available)
C  [ucrtbase.dll+0x2cd30]  (no source info available)
C  [KERNEL32.DLL+0x2e957]  (no source info available)
C  [ntdll.dll+0x87c1c]  (no source info available)

Lock stack of current Java thread (top to bottom):


---------------  P R O C E S S  ---------------

Threads class SMR info:
_java_thread_list=0x000001f193b355d0, length=18, elements={
0x000001f1fadd11c0, 0x000001f1fadd1c20, 0x000001f1fadd4420, 0x000001f1fadd6270,
0x000001f1fadda040, 0x000001f1fade0230, 0x000001f1fadde7a0, 0x000001f1fae0f850,
0x000001f1ff0c2d40, 0x000001f1ff141a60, 0x000001f1ff71ac00, 0x000001f1ff72b780,
0x000001f1ff730a10, 0x000001f19341c550, 0x000001f1934d5850, 0x000001f19352fc60,
0x000001f1ff9d3f30, 0x000001f1ff9d3760
}

Java Threads: ( => current thread )
  0x000001f1fadd11c0 JavaThread "Reference Handler"          daemon [_thread_blocked, id=34020, stack(0x0000006f6b500000,0x0000006f6b600000) (1024K)]
  0x000001f1fadd1c20 JavaThread "Finalizer"                  daemon [_thread_blocked, id=31184, stack(0x0000006f6b600000,0x0000006f6b700000) (1024K)]
  0x000001f1fadd4420 JavaThread "Signal Dispatcher"          daemon [_thread_blocked, id=1496, stack(0x0000006f6b700000,0x0000006f6b800000) (1024K)]
  0x000001f1fadd6270 JavaThread "Attach Listener"            daemon [_thread_blocked, id=34476, stack(0x0000006f6b800000,0x0000006f6b900000) (1024K)]
  0x000001f1fadda040 JavaThread "Service Thread"             daemon [_thread_blocked, id=31876, stack(0x0000006f6b900000,0x0000006f6ba00000) (1024K)]
  0x000001f1fade0230 JavaThread "Monitor Deflation Thread"   daemon [_thread_blocked, id=32332, stack(0x0000006f6ba00000,0x0000006f6bb00000) (1024K)]
=>0x000001f1fadde7a0 JavaThread "C2 CompilerThread0"         daemon [_thread_in_native, id=33328, stack(0x0000006f6bb00000,0x0000006f6bc00000) (1024K)]
  0x000001f1fae0f850 JavaThread "C1 CompilerThread0"         daemon [_thread_blocked, id=33352, stack(0x0000006f6bc00000,0x0000006f6bd00000) (1024K)]
  0x000001f1ff0c2d40 JavaThread "Common-Cleaner"             daemon [_thread_blocked, id=24688, stack(0x0000006f6bd00000,0x0000006f6be00000) (1024K)]
  0x000001f1ff141a60 JavaThread "Notification Thread"        daemon [_thread_blocked, id=34284, stack(0x0000006f6be00000,0x0000006f6bf00000) (1024K)]
  0x000001f1ff71ac00 JavaThread "Java2D Disposer"            daemon [_thread_blocked, id=35168, stack(0x0000006f6c000000,0x0000006f6c100000) (1024K)]
  0x000001f1ff72b780 JavaThread "AWT-Shutdown"                      [_thread_blocked, id=35660, stack(0x0000006f6c100000,0x0000006f6c200000) (1024K)]
  0x000001f1ff730a10 JavaThread "AWT-Windows"                daemon [_thread_in_native, id=28964, stack(0x0000006f6c200000,0x0000006f6c300000) (1024K)]
  0x000001f19341c550 JavaThread "Image Fetcher 0"            daemon [_thread_blocked, id=31632, stack(0x0000006f6c400000,0x0000006f6c500000) (1024K)]
  0x000001f1934d5850 JavaThread "AWT-EventQueue-0"                  [_thread_in_native, id=35228, stack(0x0000006f6c500000,0x0000006f6c600000) (1024K)]
  0x000001f19352fc60 JavaThread "mysql-cj-abandoned-connection-cleanup" daemon [_thread_blocked, id=25320, stack(0x0000006f6c600000,0x0000006f6c700000) (1024K)]
  0x000001f1ff9d3f30 JavaThread "DestroyJavaVM"                     [_thread_blocked, id=14552, stack(0x0000006f6ad00000,0x0000006f6ae00000) (1024K)]
  0x000001f1ff9d3760 JavaThread "D3D Screen Updater"         daemon [_thread_blocked, id=34620, stack(0x0000006f6c900000,0x0000006f6ca00000) (1024K)]
Total: 18

Other Threads:
  0x000001f1fadbbc80 VMThread "VM Thread"                           [id=34240, stack(0x0000006f6b400000,0x0000006f6b500000) (1024K)]
  0x000001f1fadac230 WatcherThread "VM Periodic Task Thread"        [id=32104, stack(0x0000006f6b300000,0x0000006f6b400000) (1024K)]
  0x000001f1ecb23920 WorkerThread "GC Thread#0"                     [id=24724, stack(0x0000006f6ae00000,0x0000006f6af00000) (1024K)]
  0x000001f1ecb3ecb0 ConcurrentGCThread "G1 Main Marker"            [id=26996, stack(0x0000006f6af00000,0x0000006f6b000000) (1024K)]
  0x000001f1ecb3f650 WorkerThread "G1 Conc#0"                       [id=33520, stack(0x0000006f6b000000,0x0000006f6b100000) (1024K)]
  0x000001f1ecb8eac0 ConcurrentGCThread "G1 Refine#0"               [id=31564, stack(0x0000006f6b100000,0x0000006f6b200000) (1024K)]
  0x000001f1fac7e660 ConcurrentGCThread "G1 Service"                [id=34232, stack(0x0000006f6b200000,0x0000006f6b300000) (1024K)]
Total: 7

Threads with active compile tasks:
C2 CompilerThread0  4723 2466       4       sun.java2d.marlin.MarlinCache::copyAARowRLE_WithBlockFlags (733 bytes)
Total: 1

VM state: not at safepoint (normal execution)

VM Mutex/Monitor currently owned by a thread: None

Heap address: 0x0000000084400000, size: 1980 MB, Compressed Oops mode: 32-bit

CDS archive(s) mapped at: [0x000000000e000000-0x000000000edd0000-0x000000000edd0000), size 14483456, SharedBaseAddress: 0x000000000e000000, ArchiveRelocationMode: 1.
Compressed class space mapped at: 0x000000000f000000-0x000000004f000000, reserved size: 1073741824
UseCompressedClassPointers 1, UseCompactObjectHeaders 0
Narrow klass pointer bits 32, Max shift 3
Narrow klass base: 0x000000000e000000, Narrow klass shift: 0
Encoding Range: [0x000000000e000000 - 0x000000010e000000), (4294967296 bytes)
Klass Range:    [0x000000000e010000 - 0x000000004f000000), (1090453504 bytes)
Klass ID Range:  [65536 - 1090519033) (1090453497)
Protection zone: [0x000000000e000000 - 0x000000000e010000), (65536 bytes)

GC Precious Log:
 CardTable entry size: 512
 Card Set container configuration: InlinePtr #cards 5 size 8 Array Of Cards #cards 10 size 36 Howl #buckets 4 coarsen threshold 1843 Howl Bitmap #cards 512 size 80 coarsen threshold 460 Card regions per heap region 1 cards per card region 2048
 CPUs: 12 total, 12 available
 Memory: 7915M
 Large Page Support: Disabled
 NUMA Support: Disabled
 Compressed Oops: Enabled (32-bit)
 Heap Region Size: 1M
 Heap Min Capacity: 8M
 Heap Initial Capacity: 124M
 Heap Max Capacity: 1980M
 Pre-touch: Disabled
 Parallel Workers: 10
 Concurrent Workers: 3
 Concurrent Refinement Workers: 10
 Periodic GC: Disabled

Heap:
 garbage-first heap   total reserved 2027520K, committed 129024K, used 38035K [0x0000000084400000, 0x0000000100000000)
  region size 1024K, 37 young (37888K), 0 survivors (0K)

Heap Regions: E=young(eden), S=young(survivor), O=old, HS=humongous(starts), HC=humongous(continues), CS=collection set, F=free, TAMS=top-at-mark-start, PB=parsable bottom
|   0|0x0000000084400000, 0x0000000084400000, 0x0000000084500000|  0%| F|  |TAMS 0x0000000084400000| PB 0x0000000084400000| Untracked |  0
|   1|0x0000000084500000, 0x0000000084500000, 0x0000000084600000|  0%| F|  |TAMS 0x0000000084500000| PB 0x0000000084500000| Untracked |  0
|   2|0x0000000084600000, 0x0000000084600000, 0x0000000084700000|  0%| F|  |TAMS 0x0000000084600000| PB 0x0000000084600000| Untracked |  0
|   3|0x0000000084700000, 0x0000000084700000, 0x0000000084800000|  0%| F|  |TAMS 0x0000000084700000| PB 0x0000000084700000| Untracked |  0
|   4|0x0000000084800000, 0x0000000084800000, 0x0000000084900000|  0%| F|  |TAMS 0x0000000084800000| PB 0x0000000084800000| Untracked |  0
|   5|0x0000000084900000, 0x0000000084900000, 0x0000000084a00000|  0%| F|  |TAMS 0x0000000084900000| PB 0x0000000084900000| Untracked |  0
|   6|0x0000000084a00000, 0x0000000084a00000, 0x0000000084b00000|  0%| F|  |TAMS 0x0000000084a00000| PB 0x0000000084a00000| Untracked |  0
|   7|0x0000000084b00000, 0x0000000084b00000, 0x0000000084c00000|  0%| F|  |TAMS 0x0000000084b00000| PB 0x0000000084b00000| Untracked |  0
|   8|0x0000000084c00000, 0x0000000084c00000, 0x0000000084d00000|  0%| F|  |TAMS 0x0000000084c00000| PB 0x0000000084c00000| Untracked |  0
|   9|0x0000000084d00000, 0x0000000084d00000, 0x0000000084e00000|  0%| F|  |TAMS 0x0000000084d00000| PB 0x0000000084d00000| Untracked |  0
|  10|0x0000000084e00000, 0x0000000084e00000, 0x0000000084f00000|  0%| F|  |TAMS 0x0000000084e00000| PB 0x0000000084e00000| Untracked |  0
|  11|0x0000000084f00000, 0x0000000084f00000, 0x0000000085000000|  0%| F|  |TAMS 0x0000000084f00000| PB 0x0000000084f00000| Untracked |  0
|  12|0x0000000085000000, 0x0000000085000000, 0x0000000085100000|  0%| F|  |TAMS 0x0000000085000000| PB 0x0000000085000000| Untracked |  0
|  13|0x0000000085100000, 0x0000000085100000, 0x0000000085200000|  0%| F|  |TAMS 0x0000000085100000| PB 0x0000000085100000| Untracked |  0
|  14|0x0000000085200000, 0x0000000085200000, 0x0000000085300000|  0%| F|  |TAMS 0x0000000085200000| PB 0x0000000085200000| Untracked |  0
|  15|0x0000000085300000, 0x0000000085300000, 0x0000000085400000|  0%| F|  |TAMS 0x0000000085300000| PB 0x0000000085300000| Untracked |  0
|  16|0x0000000085400000, 0x0000000085400000, 0x0000000085500000|  0%| F|  |TAMS 0x0000000085400000| PB 0x0000000085400000| Untracked |  0
|  17|0x0000000085500000, 0x0000000085500000, 0x0000000085600000|  0%| F|  |TAMS 0x0000000085500000| PB 0x0000000085500000| Untracked |  0
|  18|0x0000000085600000, 0x0000000085600000, 0x0000000085700000|  0%| F|  |TAMS 0x0000000085600000| PB 0x0000000085600000| Untracked |  0
|  19|0x0000000085700000, 0x0000000085700000, 0x0000000085800000|  0%| F|  |TAMS 0x0000000085700000| PB 0x0000000085700000| Untracked |  0
|  20|0x0000000085800000, 0x0000000085800000, 0x0000000085900000|  0%| F|  |TAMS 0x0000000085800000| PB 0x0000000085800000| Untracked |  0
|  21|0x0000000085900000, 0x0000000085900000, 0x0000000085a00000|  0%| F|  |TAMS 0x0000000085900000| PB 0x0000000085900000| Untracked |  0
|  22|0x0000000085a00000, 0x0000000085a00000, 0x0000000085b00000|  0%| F|  |TAMS 0x0000000085a00000| PB 0x0000000085a00000| Untracked |  0
|  23|0x0000000085b00000, 0x0000000085b00000, 0x0000000085c00000|  0%| F|  |TAMS 0x0000000085b00000| PB 0x0000000085b00000| Untracked |  0
|  24|0x0000000085c00000, 0x0000000085c00000, 0x0000000085d00000|  0%| F|  |TAMS 0x0000000085c00000| PB 0x0000000085c00000| Untracked |  0
|  25|0x0000000085d00000, 0x0000000085d00000, 0x0000000085e00000|  0%| F|  |TAMS 0x0000000085d00000| PB 0x0000000085d00000| Untracked |  0
|  26|0x0000000085e00000, 0x0000000085e00000, 0x0000000085f00000|  0%| F|  |TAMS 0x0000000085e00000| PB 0x0000000085e00000| Untracked |  0
|  27|0x0000000085f00000, 0x0000000085f00000, 0x0000000086000000|  0%| F|  |TAMS 0x0000000085f00000| PB 0x0000000085f00000| Untracked |  0
|  28|0x0000000086000000, 0x0000000086000000, 0x0000000086100000|  0%| F|  |TAMS 0x0000000086000000| PB 0x0000000086000000| Untracked |  0
|  29|0x0000000086100000, 0x0000000086100000, 0x0000000086200000|  0%| F|  |TAMS 0x0000000086100000| PB 0x0000000086100000| Untracked |  0
|  30|0x0000000086200000, 0x0000000086200000, 0x0000000086300000|  0%| F|  |TAMS 0x0000000086200000| PB 0x0000000086200000| Untracked |  0
|  31|0x0000000086300000, 0x0000000086300000, 0x0000000086400000|  0%| F|  |TAMS 0x0000000086300000| PB 0x0000000086300000| Untracked |  0
|  32|0x0000000086400000, 0x0000000086400000, 0x0000000086500000|  0%| F|  |TAMS 0x0000000086400000| PB 0x0000000086400000| Untracked |  0
|  33|0x0000000086500000, 0x0000000086500000, 0x0000000086600000|  0%| F|  |TAMS 0x0000000086500000| PB 0x0000000086500000| Untracked |  0
|  34|0x0000000086600000, 0x0000000086600000, 0x0000000086700000|  0%| F|  |TAMS 0x0000000086600000| PB 0x0000000086600000| Untracked |  0
|  35|0x0000000086700000, 0x0000000086700000, 0x0000000086800000|  0%| F|  |TAMS 0x0000000086700000| PB 0x0000000086700000| Untracked |  0
|  36|0x0000000086800000, 0x0000000086800000, 0x0000000086900000|  0%| F|  |TAMS 0x0000000086800000| PB 0x0000000086800000| Untracked |  0
|  37|0x0000000086900000, 0x0000000086900000, 0x0000000086a00000|  0%| F|  |TAMS 0x0000000086900000| PB 0x0000000086900000| Untracked |  0
|  38|0x0000000086a00000, 0x0000000086a00000, 0x0000000086b00000|  0%| F|  |TAMS 0x0000000086a00000| PB 0x0000000086a00000| Untracked |  0
|  39|0x0000000086b00000, 0x0000000086b00000, 0x0000000086c00000|  0%| F|  |TAMS 0x0000000086b00000| PB 0x0000000086b00000| Untracked |  0
|  40|0x0000000086c00000, 0x0000000086c00000, 0x0000000086d00000|  0%| F|  |TAMS 0x0000000086c00000| PB 0x0000000086c00000| Untracked |  0
|  41|0x0000000086d00000, 0x0000000086d00000, 0x0000000086e00000|  0%| F|  |TAMS 0x0000000086d00000| PB 0x0000000086d00000| Untracked |  0
|  42|0x0000000086e00000, 0x0000000086e00000, 0x0000000086f00000|  0%| F|  |TAMS 0x0000000086e00000| PB 0x0000000086e00000| Untracked |  0
|  43|0x0000000086f00000, 0x0000000086f00000, 0x0000000087000000|  0%| F|  |TAMS 0x0000000086f00000| PB 0x0000000086f00000| Untracked |  0
|  44|0x0000000087000000, 0x0000000087000000, 0x0000000087100000|  0%| F|  |TAMS 0x0000000087000000| PB 0x0000000087000000| Untracked |  0
|  45|0x0000000087100000, 0x0000000087100000, 0x0000000087200000|  0%| F|  |TAMS 0x0000000087100000| PB 0x0000000087100000| Untracked |  0
|  46|0x0000000087200000, 0x0000000087200000, 0x0000000087300000|  0%| F|  |TAMS 0x0000000087200000| PB 0x0000000087200000| Untracked |  0
|  47|0x0000000087300000, 0x0000000087300000, 0x0000000087400000|  0%| F|  |TAMS 0x0000000087300000| PB 0x0000000087300000| Untracked |  0
|  48|0x0000000087400000, 0x0000000087400000, 0x0000000087500000|  0%| F|  |TAMS 0x0000000087400000| PB 0x0000000087400000| Untracked |  0
|  49|0x0000000087500000, 0x0000000087500000, 0x0000000087600000|  0%| F|  |TAMS 0x0000000087500000| PB 0x0000000087500000| Untracked |  0
|  50|0x0000000087600000, 0x0000000087600000, 0x0000000087700000|  0%| F|  |TAMS 0x0000000087600000| PB 0x0000000087600000| Untracked |  0
|  51|0x0000000087700000, 0x0000000087700000, 0x0000000087800000|  0%| F|  |TAMS 0x0000000087700000| PB 0x0000000087700000| Untracked |  0
|  52|0x0000000087800000, 0x0000000087800000, 0x0000000087900000|  0%| F|  |TAMS 0x0000000087800000| PB 0x0000000087800000| Untracked |  0
|  53|0x0000000087900000, 0x0000000087900000, 0x0000000087a00000|  0%| F|  |TAMS 0x0000000087900000| PB 0x0000000087900000| Untracked |  0
|  54|0x0000000087a00000, 0x0000000087a00000, 0x0000000087b00000|  0%| F|  |TAMS 0x0000000087a00000| PB 0x0000000087a00000| Untracked |  0
|  55|0x0000000087b00000, 0x0000000087b00000, 0x0000000087c00000|  0%| F|  |TAMS 0x0000000087b00000| PB 0x0000000087b00000| Untracked |  0
|  56|0x0000000087c00000, 0x0000000087c00000, 0x0000000087d00000|  0%| F|  |TAMS 0x0000000087c00000| PB 0x0000000087c00000| Untracked |  0
|  57|0x0000000087d00000, 0x0000000087d00000, 0x0000000087e00000|  0%| F|  |TAMS 0x0000000087d00000| PB 0x0000000087d00000| Untracked |  0
|  58|0x0000000087e00000, 0x0000000087e00000, 0x0000000087f00000|  0%| F|  |TAMS 0x0000000087e00000| PB 0x0000000087e00000| Untracked |  0
|  59|0x0000000087f00000, 0x0000000087f00000, 0x0000000088000000|  0%| F|  |TAMS 0x0000000087f00000| PB 0x0000000087f00000| Untracked |  0
|  60|0x0000000088000000, 0x0000000088000000, 0x0000000088100000|  0%| F|  |TAMS 0x0000000088000000| PB 0x0000000088000000| Untracked |  0
|  61|0x0000000088100000, 0x0000000088100000, 0x0000000088200000|  0%| F|  |TAMS 0x0000000088100000| PB 0x0000000088100000| Untracked |  0
|  62|0x0000000088200000, 0x0000000088200000, 0x0000000088300000|  0%| F|  |TAMS 0x0000000088200000| PB 0x0000000088200000| Untracked |  0
|  63|0x0000000088300000, 0x0000000088300000, 0x0000000088400000|  0%| F|  |TAMS 0x0000000088300000| PB 0x0000000088300000| Untracked |  0
|  64|0x0000000088400000, 0x0000000088400000, 0x0000000088500000|  0%| F|  |TAMS 0x0000000088400000| PB 0x0000000088400000| Untracked |  0
|  65|0x0000000088500000, 0x0000000088500000, 0x0000000088600000|  0%| F|  |TAMS 0x0000000088500000| PB 0x0000000088500000| Untracked |  0
|  66|0x0000000088600000, 0x0000000088600000, 0x0000000088700000|  0%| F|  |TAMS 0x0000000088600000| PB 0x0000000088600000| Untracked |  0
|  67|0x0000000088700000, 0x0000000088700000, 0x0000000088800000|  0%| F|  |TAMS 0x0000000088700000| PB 0x0000000088700000| Untracked |  0
|  68|0x0000000088800000, 0x0000000088800000, 0x0000000088900000|  0%| F|  |TAMS 0x0000000088800000| PB 0x0000000088800000| Untracked |  0
|  69|0x0000000088900000, 0x0000000088900000, 0x0000000088a00000|  0%| F|  |TAMS 0x0000000088900000| PB 0x0000000088900000| Untracked |  0
|  70|0x0000000088a00000, 0x0000000088a00000, 0x0000000088b00000|  0%| F|  |TAMS 0x0000000088a00000| PB 0x0000000088a00000| Untracked |  0
|  71|0x0000000088b00000, 0x0000000088b00000, 0x0000000088c00000|  0%| F|  |TAMS 0x0000000088b00000| PB 0x0000000088b00000| Untracked |  0
|  72|0x0000000088c00000, 0x0000000088c00000, 0x0000000088d00000|  0%| F|  |TAMS 0x0000000088c00000| PB 0x0000000088c00000| Untracked |  0
|  73|0x0000000088d00000, 0x0000000088d00000, 0x0000000088e00000|  0%| F|  |TAMS 0x0000000088d00000| PB 0x0000000088d00000| Untracked |  0
|  74|0x0000000088e00000, 0x0000000088e00000, 0x0000000088f00000|  0%| F|  |TAMS 0x0000000088e00000| PB 0x0000000088e00000| Untracked |  0
|  75|0x0000000088f00000, 0x0000000088f00000, 0x0000000089000000|  0%| F|  |TAMS 0x0000000088f00000| PB 0x0000000088f00000| Untracked |  0
|  76|0x0000000089000000, 0x0000000089000000, 0x0000000089100000|  0%| F|  |TAMS 0x0000000089000000| PB 0x0000000089000000| Untracked |  0
|  77|0x0000000089100000, 0x0000000089100000, 0x0000000089200000|  0%| F|  |TAMS 0x0000000089100000| PB 0x0000000089100000| Untracked |  0
|  78|0x0000000089200000, 0x0000000089200000, 0x0000000089300000|  0%| F|  |TAMS 0x0000000089200000| PB 0x0000000089200000| Untracked |  0
|  79|0x0000000089300000, 0x0000000089300000, 0x0000000089400000|  0%| F|  |TAMS 0x0000000089300000| PB 0x0000000089300000| Untracked |  0
|  80|0x0000000089400000, 0x0000000089400000, 0x0000000089500000|  0%| F|  |TAMS 0x0000000089400000| PB 0x0000000089400000| Untracked |  0
|  81|0x0000000089500000, 0x0000000089500000, 0x0000000089600000|  0%| F|  |TAMS 0x0000000089500000| PB 0x0000000089500000| Untracked |  0
|  82|0x0000000089600000, 0x0000000089600000, 0x0000000089700000|  0%| F|  |TAMS 0x0000000089600000| PB 0x0000000089600000| Untracked |  0
|  83|0x0000000089700000, 0x0000000089700000, 0x0000000089800000|  0%| F|  |TAMS 0x0000000089700000| PB 0x0000000089700000| Untracked |  0
|  84|0x0000000089800000, 0x0000000089800000, 0x0000000089900000|  0%| F|  |TAMS 0x0000000089800000| PB 0x0000000089800000| Untracked |  0
|  85|0x0000000089900000, 0x0000000089900000, 0x0000000089a00000|  0%| F|  |TAMS 0x0000000089900000| PB 0x0000000089900000| Untracked |  0
|  86|0x0000000089a00000, 0x0000000089a00000, 0x0000000089b00000|  0%| F|  |TAMS 0x0000000089a00000| PB 0x0000000089a00000| Untracked |  0
|  87|0x0000000089b00000, 0x0000000089b80000, 0x0000000089c00000| 50%| E|  |TAMS 0x0000000089b00000| PB 0x0000000089b00000| Complete |  0
|  88|0x0000000089c00000, 0x0000000089d00000, 0x0000000089d00000|100%| E|CS|TAMS 0x0000000089c00000| PB 0x0000000089c00000| Complete |  0
|  89|0x0000000089d00000, 0x0000000089e00000, 0x0000000089e00000|100%| E|CS|TAMS 0x0000000089d00000| PB 0x0000000089d00000| Complete |  1
|  90|0x0000000089e00000, 0x0000000089f00000, 0x0000000089f00000|100%| E|CS|TAMS 0x0000000089e00000| PB 0x0000000089e00000| Complete |  0
|  91|0x0000000089f00000, 0x000000008a000000, 0x000000008a000000|100%| E|CS|TAMS 0x0000000089f00000| PB 0x0000000089f00000| Complete |  0
|  92|0x000000008a000000, 0x000000008a100000, 0x000000008a100000|100%| E|CS|TAMS 0x000000008a000000| PB 0x000000008a000000| Complete |  0
|  93|0x000000008a100000, 0x000000008a200000, 0x000000008a200000|100%| E|CS|TAMS 0x000000008a100000| PB 0x000000008a100000| Complete |  0
|  94|0x000000008a200000, 0x000000008a300000, 0x000000008a300000|100%| E|CS|TAMS 0x000000008a200000| PB 0x000000008a200000| Complete |  0
|  95|0x000000008a300000, 0x000000008a400000, 0x000000008a400000|100%| E|CS|TAMS 0x000000008a300000| PB 0x000000008a300000| Complete |  0
|  96|0x000000008a400000, 0x000000008a500000, 0x000000008a500000|100%| E|CS|TAMS 0x000000008a400000| PB 0x000000008a400000| Complete |  0
|  97|0x000000008a500000, 0x000000008a600000, 0x000000008a600000|100%| E|CS|TAMS 0x000000008a500000| PB 0x000000008a500000| Complete |  0
|  98|0x000000008a600000, 0x000000008a700000, 0x000000008a700000|100%| E|CS|TAMS 0x000000008a600000| PB 0x000000008a600000| Complete |  0
|  99|0x000000008a700000, 0x000000008a800000, 0x000000008a800000|100%| E|CS|TAMS 0x000000008a700000| PB 0x000000008a700000| Complete |  0
| 100|0x000000008a800000, 0x000000008a900000, 0x000000008a900000|100%| E|CS|TAMS 0x000000008a800000| PB 0x000000008a800000| Complete |  0
| 101|0x000000008a900000, 0x000000008aa00000, 0x000000008aa00000|100%| E|CS|TAMS 0x000000008a900000| PB 0x000000008a900000| Complete |  0
| 102|0x000000008aa00000, 0x000000008ab00000, 0x000000008ab00000|100%| E|CS|TAMS 0x000000008aa00000| PB 0x000000008aa00000| Complete |  0
| 103|0x000000008ab00000, 0x000000008ac00000, 0x000000008ac00000|100%| E|CS|TAMS 0x000000008ab00000| PB 0x000000008ab00000| Complete |  0
| 104|0x000000008ac00000, 0x000000008ad00000, 0x000000008ad00000|100%| E|CS|TAMS 0x000000008ac00000| PB 0x000000008ac00000| Complete |  0
| 105|0x000000008ad00000, 0x000000008ae00000, 0x000000008ae00000|100%| E|CS|TAMS 0x000000008ad00000| PB 0x000000008ad00000| Complete |  0
| 106|0x000000008ae00000, 0x000000008af00000, 0x000000008af00000|100%| E|CS|TAMS 0x000000008ae00000| PB 0x000000008ae00000| Complete |  0
| 107|0x000000008af00000, 0x000000008b000000, 0x000000008b000000|100%| E|CS|TAMS 0x000000008af00000| PB 0x000000008af00000| Complete |  0
| 108|0x000000008b000000, 0x000000008b100000, 0x000000008b100000|100%| E|CS|TAMS 0x000000008b000000| PB 0x000000008b000000| Complete |  0
| 109|0x000000008b100000, 0x000000008b200000, 0x000000008b200000|100%| E|CS|TAMS 0x000000008b100000| PB 0x000000008b100000| Complete |  0
| 110|0x000000008b200000, 0x000000008b300000, 0x000000008b300000|100%| E|CS|TAMS 0x000000008b200000| PB 0x000000008b200000| Complete |  0
| 111|0x000000008b300000, 0x000000008b400000, 0x000000008b400000|100%| E|CS|TAMS 0x000000008b300000| PB 0x000000008b300000| Complete |  0
| 112|0x000000008b400000, 0x000000008b500000, 0x000000008b500000|100%| E|CS|TAMS 0x000000008b400000| PB 0x000000008b400000| Complete |  0
| 113|0x000000008b500000, 0x000000008b600000, 0x000000008b600000|100%| E|CS|TAMS 0x000000008b500000| PB 0x000000008b500000| Complete |  0
| 114|0x000000008b600000, 0x000000008b700000, 0x000000008b700000|100%| E|CS|TAMS 0x000000008b600000| PB 0x000000008b600000| Complete |  0
| 115|0x000000008b700000, 0x000000008b800000, 0x000000008b800000|100%| E|CS|TAMS 0x000000008b700000| PB 0x000000008b700000| Complete |  0
| 116|0x000000008b800000, 0x000000008b900000, 0x000000008b900000|100%| E|CS|TAMS 0x000000008b800000| PB 0x000000008b800000| Complete |  0
| 117|0x000000008b900000, 0x000000008ba00000, 0x000000008ba00000|100%| E|CS|TAMS 0x000000008b900000| PB 0x000000008b900000| Complete |  0
| 118|0x000000008ba00000, 0x000000008bb00000, 0x000000008bb00000|100%| E|CS|TAMS 0x000000008ba00000| PB 0x000000008ba00000| Complete |  0
| 119|0x000000008bb00000, 0x000000008bc00000, 0x000000008bc00000|100%| E|CS|TAMS 0x000000008bb00000| PB 0x000000008bb00000| Complete |  0
| 120|0x000000008bc00000, 0x000000008bd00000, 0x000000008bd00000|100%| E|CS|TAMS 0x000000008bc00000| PB 0x000000008bc00000| Complete |  0
| 121|0x000000008bd00000, 0x000000008be00000, 0x000000008be00000|100%| E|CS|TAMS 0x000000008bd00000| PB 0x000000008bd00000| Complete |  0
| 122|0x000000008be00000, 0x000000008bf00000, 0x000000008bf00000|100%| E|CS|TAMS 0x000000008be00000| PB 0x000000008be00000| Complete |  0
| 123|0x000000008bf00000, 0x000000008c000000, 0x000000008c000000|100%| E|CS|TAMS 0x000000008bf00000| PB 0x000000008bf00000| Complete |  0
|1978|0x00000000ffe00000, 0x00000000fff00000, 0x00000000fff00000|100%| O|  |TAMS 0x00000000ffe00000| PB 0x00000000ffe00000| Untracked |  0
|1979|0x00000000fff00000, 0x00000000fff24ea8, 0x0000000100000000| 14%| O|  |TAMS 0x00000000fff00000| PB 0x00000000fff00000| Untracked |  0

Card table byte_map: [0x000001f1f5ef0000,0x000001f1f62d0000] _byte_map_base: 0x000001f1f5ace000

Marking Bits: (CMBitMap*) 0x000001f1ecb262c0
 Bits: [0x000001f1f62d0000, 0x000001f1f81c0000)

Polling page: 0x000001f1ea8f0000

Metaspace:
Metaspace        used 21194K, committed 21376K, reserved 1114112K
 class space     used 1898K, committed 1984K, reserved 1048576K

Usage:
  Non-class:     18.84 MB used.
      Class:      1.85 MB used.
       Both:     20.70 MB used.

Virtual space:
  Non-class space:       64.00 MB reserved,      18.94 MB ( 30%) committed,  1 nodes.
      Class space:        1.00 GB reserved,       1.94 MB ( <1%) committed,  1 nodes.
             Both:        1.06 GB reserved,      20.88 MB (  2%) committed. 

Chunk freelists:
   Non-Class:  12.77 MB
       Class:  14.02 MB
        Both:  26.78 MB

MaxMetaspaceSize: unlimited
CompressedClassSpaceSize: 1.00 GB
Initial GC threshold: 21.00 MB
Current GC threshold: 21.00 MB
CDS: on
 - commit_granule_bytes: 65536.
 - commit_granule_words: 8192.
 - virtual_space_node_default_size: 8388608.
 - enlarge_chunks_in_place: 1.
UseCompressedClassPointers 1, UseCompactObjectHeaders 0
Narrow klass pointer bits 32, Max shift 3
Narrow klass base: 0x000000000e000000, Narrow klass shift: 0
Encoding Range: [0x000000000e000000 - 0x000000010e000000), (4294967296 bytes)
Klass Range:    [0x000000000e010000 - 0x000000004f000000), (1090453504 bytes)
Klass ID Range:  [65536 - 1090519033) (1090453497)
Protection zone: [0x000000000e000000 - 0x000000000e010000), (65536 bytes)


Internal statistics:

num_allocs_failed_limit: 0.
num_arena_births: 136.
num_arena_deaths: 0.
num_vsnodes_births: 2.
num_vsnodes_deaths: 0.
num_space_committed: 334.
num_space_uncommitted: 0.
num_chunks_returned_to_freelist: 0.
num_chunks_taken_from_freelist: 394.
num_chunk_merges: 0.
num_chunk_splits: 259.
num_chunks_enlarged: 184.
num_inconsistent_stats: 0.

CodeHeap 'non-profiled nmethods': size=120064Kb used=644Kb max_used=644Kb free=119419Kb
 bounds [0x000001f187ac0000, 0x000001f187d30000, 0x000001f18f000000]
CodeHeap 'profiled nmethods': size=120000Kb used=3692Kb max_used=3692Kb free=116307Kb
 bounds [0x000001f180000000, 0x000001f1803a0000, 0x000001f187530000]
CodeHeap 'non-nmethods': size=5696Kb used=1736Kb max_used=1737Kb free=3960Kb
 bounds [0x000001f187530000, 0x000001f1877a0000, 0x000001f187ac0000]
CodeCache: size=245760Kb, used=6072Kb, max_used=6073Kb, free=239686Kb
 total_blobs=3365, nmethods=2507, adapters=760, full_count=0
Compilation: enabled, stopped_count=0, restarted_count=0

Compilation events (20 events):
Event: 3.664 Thread 0x000001f1fae0f850 2470       3       java.lang.StringBuilder::append (10 bytes)
Event: 3.664 Thread 0x000001f1fae0f850 nmethod 2470 0x000001f180398108 code [0x000001f180398200, 0x000001f180398350]
Event: 3.664 Thread 0x000001f1fae0f850 2471       3       java.lang.AbstractStringBuilder::append (127 bytes)
Event: 3.664 Thread 0x000001f1fae0f850 nmethod 2471 0x000001f180398408 code [0x000001f180398500, 0x000001f180398c20]
Event: 3.664 Thread 0x000001f1fae0f850 2472       3       java.lang.AbstractStringBuilder::appendChars (161 bytes)
Event: 3.664 Thread 0x000001f1fae0f850 nmethod 2472 0x000001f180398c88 code [0x000001f180398d80, 0x000001f180399f20]
Event: 3.664 Thread 0x000001f1fae0f850 2473       3       java.text.StringBufFactory$StringBuilderImpl::append (13 bytes)
Event: 3.665 Thread 0x000001f1fae0f850 nmethod 2473 0x000001f180399f88 code [0x000001f18039a080, 0x000001f18039a2b0]
Event: 3.665 Thread 0x000001f1fae0f850 2480       3       java.text.StringBufFactory::of (8 bytes)
Event: 3.665 Thread 0x000001f1fae0f850 nmethod 2480 0x000001f18039a308 code [0x000001f18039a400, 0x000001f18039a758]
Event: 3.665 Thread 0x000001f1fae0f850 2481       3       java.text.StringBufFactory$StringBuilderImpl::<init> (16 bytes)
Event: 3.665 Thread 0x000001f1fae0f850 nmethod 2481 0x000001f18039a788 code [0x000001f18039a880, 0x000001f18039ab48]
Event: 3.665 Thread 0x000001f1fae0f850 2482       3       java.text.StringBufFactory$StringBuilderImpl::toString (8 bytes)
Event: 3.665 Thread 0x000001f1fae0f850 nmethod 2482 0x000001f18039ab88 code [0x000001f18039ac80, 0x000001f18039b038]
Event: 3.665 Thread 0x000001f1fae0f850 2483       1       java.text.StringCharacterIterator::getEndIndex (5 bytes)
Event: 3.665 Thread 0x000001f1fae0f850 nmethod 2483 0x000001f187b60888 code [0x000001f187b60980, 0x000001f187b60a48]
Event: 3.665 Thread 0x000001f1fae0f850 2484       1       java.text.StringCharacterIterator::getIndex (5 bytes)
Event: 3.665 Thread 0x000001f1fae0f850 nmethod 2484 0x000001f187b60b88 code [0x000001f187b60c80, 0x000001f187b60d48]
Event: 3.665 Thread 0x000001f1fae0f850 2508       1       sun.font.FontDesignMetrics$MetricsKey::hashCode (5 bytes)
Event: 3.665 Thread 0x000001f1fae0f850 nmethod 2508 0x000001f187b60e88 code [0x000001f187b60f80, 0x000001f187b61048]

GC Heap Usage History (0 events):
No events

Metaspace Usage History (0 events):
No events

Dll operation events (10 events):
Event: 0.008 Loaded shared library C:\Program Files\Apache NetBeans\jdk\bin\java.dll
Event: 0.044 Loaded shared library C:\Program Files\Apache NetBeans\jdk\bin\net.dll
Event: 0.045 Loaded shared library C:\Program Files\Apache NetBeans\jdk\bin\nio.dll
Event: 0.060 Loaded shared library C:\Program Files\Apache NetBeans\jdk\bin\zip.dll
Event: 0.073 Loaded shared library C:\Program Files\Apache NetBeans\jdk\bin\jimage.dll
Event: 0.079 Loaded shared library C:\Program Files\Apache NetBeans\jdk\bin\awt.dll
Event: 0.558 Loaded shared library C:\Program Files\Apache NetBeans\jdk\bin\extnet.dll
Event: 0.657 Loaded shared library C:\Program Files\Apache NetBeans\jdk\bin\sunmscapi.dll
Event: 0.806 Loaded shared library C:\Program Files\Apache NetBeans\jdk\bin\freetype.dll
Event: 0.806 Loaded shared library C:\Program Files\Apache NetBeans\jdk\bin\fontmanager.dll

Deoptimization events (20 events):
Event: 0.792 Thread 0x000001f1ff730a10 Uncommon trap: trap_request=0xffffff45 fr.pc=0x000001f187b10350 relative=0x0000000000000050
Event: 0.792 Thread 0x000001f1ff730a10 Uncommon trap: reason=unstable_if action=reinterpret pc=0x000001f187b10350 method=java.lang.CharacterDataLatin1.toUpperCase(I)I @ 17 c2
Event: 0.792 Thread 0x000001f1ff730a10 DEOPT PACKING pc=0x000001f187b10350 sp=0x0000006f6c2fe900
Event: 0.792 Thread 0x000001f1ff730a10 DEOPT UNPACKING pc=0x000001f18764f902 sp=0x0000006f6c2fe890 mode 2
Event: 0.818 Thread 0x000001f1ea5afec0 Uncommon trap: trap_request=0xffffff45 fr.pc=0x000001f187afff58 relative=0x00000000000001d8
Event: 0.818 Thread 0x000001f1ea5afec0 Uncommon trap: reason=unstable_if action=reinterpret pc=0x000001f187afff58 method=java.lang.StringUTF16.compress([CI[BII)I @ 20 c2
Event: 0.818 Thread 0x000001f1ea5afec0 DEOPT PACKING pc=0x000001f187afff58 sp=0x0000006f6adfe280
Event: 0.818 Thread 0x000001f1ea5afec0 DEOPT UNPACKING pc=0x000001f18764f902 sp=0x0000006f6adfe1f0 mode 2
Event: 0.836 Thread 0x000001f1ea5afec0 Uncommon trap: trap_request=0xffffff54 fr.pc=0x000001f187b4de64 relative=0x0000000000000064
Event: 0.836 Thread 0x000001f1ea5afec0 Uncommon trap: reason=speculate_null_check action=make_not_entrant pc=0x000001f187b4de64 method=jdk.internal.misc.Unsafe.getIntUnaligned(Ljava/lang/Object;JZ)I @ 5 c2
Event: 0.836 Thread 0x000001f1ea5afec0 DEOPT PACKING pc=0x000001f187b4de64 sp=0x0000006f6adfe0c0
Event: 0.836 Thread 0x000001f1ea5afec0 DEOPT UNPACKING pc=0x000001f18764f902 sp=0x0000006f6adfe018 mode 2
Event: 2.625 Thread 0x000001f1934d5850 Uncommon trap: trap_request=0xffffff45 fr.pc=0x000001f187b46960 relative=0x0000000000000f60
Event: 2.625 Thread 0x000001f1934d5850 Uncommon trap: reason=unstable_if action=reinterpret pc=0x000001f187b46960 method=java.util.regex.Pattern$Start.match(Ljava/util/regex/Matcher;ILjava/lang/CharSequence;)Z @ 10 c2
Event: 2.625 Thread 0x000001f1934d5850 DEOPT PACKING pc=0x000001f187b46960 sp=0x0000006f6c5fce90
Event: 2.625 Thread 0x000001f1934d5850 DEOPT UNPACKING pc=0x000001f18764f902 sp=0x0000006f6c5fce80 mode 2
Event: 2.625 Thread 0x000001f1934d5850 Uncommon trap: trap_request=0xffffff45 fr.pc=0x000001f187b16990 relative=0x0000000000000b90
Event: 2.625 Thread 0x000001f1934d5850 Uncommon trap: reason=unstable_if action=reinterpret pc=0x000001f187b16990 method=java.util.concurrent.ConcurrentHashMap.putVal(Ljava/lang/Object;Ljava/lang/Object;Z)Ljava/lang/Object; @ 231 c2
Event: 2.625 Thread 0x000001f1934d5850 DEOPT PACKING pc=0x000001f187b16990 sp=0x0000006f6c5fcc30
Event: 2.625 Thread 0x000001f1934d5850 DEOPT UNPACKING pc=0x000001f18764f902 sp=0x0000006f6c5fcb90 mode 2

Classes loaded (20 events):
Event: 2.641 Loading class sun/java2d/marlin/DMarlinRenderingEngine$NormMode$2
Event: 2.641 Loading class sun/java2d/marlin/DMarlinRenderingEngine$NormMode$2 done
Event: 2.641 Loading class sun/java2d/marlin/DMarlinRenderingEngine$NormMode$3
Event: 2.641 Loading class sun/java2d/marlin/DMarlinRenderingEngine$NormMode$3 done
Event: 2.641 Loading class java/awt/geom/Path2D$Double$CopyIterator
Event: 2.641 Loading class java/awt/geom/Path2D$Double$CopyIterator done
Event: 2.641 Loading class sun/java2d/marlin/Helpers
Event: 2.641 Loading class sun/java2d/marlin/Helpers done
Event: 2.642 Loading class sun/java2d/marlin/ArrayCacheConst
Event: 2.642 Loading class sun/java2d/marlin/ArrayCacheConst done
Event: 2.643 Loading class java/awt/geom/RectIterator
Event: 2.643 Loading class java/awt/geom/RectIterator done
Event: 2.646 Loading class java/awt/geom/ArcIterator
Event: 2.646 Loading class java/awt/geom/ArcIterator done
Event: 2.648 Loading class java/awt/RadialGradientPaint
Event: 2.648 Loading class java/awt/MultipleGradientPaint
Event: 2.648 Loading class java/awt/MultipleGradientPaint done
Event: 2.648 Loading class java/awt/RadialGradientPaint done
Event: 3.655 Loading class java/awt/geom/CubicIterator
Event: 3.655 Loading class java/awt/geom/CubicIterator done

Classes unloaded (0 events):
No events

Classes redefined (0 events):
No events

Internal exceptions (20 events):
Event: 0.513 Thread 0x000001f1ea5afec0 Exception <a 'java/lang/NoSuchMethodError'{0x000000008adc3b98}: 'void java.lang.invoke.DirectMethodHandle$Holder.invokeStatic(java.lang.Object, java.lang.Object, java.lang.Object)'> (0x000000008adc3b98) 
thrown [s\src\hotspot\share\interpreter\linkResolver.cpp, line 804]
Event: 0.514 Thread 0x000001f1ea5afec0 Exception <a 'java/lang/NoSuchMethodError'{0x000000008addb610}: 'java.lang.Object java.lang.invoke.DirectMethodHandle$Holder.invokeVirtual(java.lang.Object, java.lang.Object, java.lang.Object)'> (0x000000008addb610) 
thrown [s\src\hotspot\share\interpreter\linkResolver.cpp, line 804]
Event: 0.597 Thread 0x000001f1ea5afec0 Exception <a 'java/lang/NoSuchMethodError'{0x000000008a7e8520}: 'void java.lang.invoke.DirectMethodHandle$Holder.invokeStaticInit(java.lang.Object, java.lang.Object)'> (0x000000008a7e8520) 
thrown [s\src\hotspot\share\interpreter\linkResolver.cpp, line 804]
Event: 0.620 Thread 0x000001f1ea5afec0 Exception <a 'sun/nio/fs/WindowsException'{0x000000008a5377b0}> (0x000000008a5377b0) 
thrown [s\src\hotspot\share\prims\jni.cpp, line 516]
Event: 0.635 Thread 0x000001f1ea5afec0 Exception <a 'java/lang/NoSuchMethodError'{0x000000008a5e13d0}: 'java.lang.Object java.lang.invoke.DirectMethodHandle$Holder.invokeStaticInit(java.lang.Object, int, int, int, int)'> (0x000000008a5e13d0) 
thrown [s\src\hotspot\share\interpreter\linkResolver.cpp, line 804]
Event: 0.644 Thread 0x000001f1ea5afec0 Exception <a 'java/lang/NoSuchMethodError'{0x000000008a4715a8}: 'java.lang.Object java.lang.invoke.DirectMethodHandle$Holder.invokeStaticInit(java.lang.Object, java.lang.Object, int, int, int, int)'> (0x000000008a4715a8) 
thrown [s\src\hotspot\share\interpreter\linkResolver.cpp, line 804]
Event: 0.717 Thread 0x000001f1ea5afec0 Exception <a 'java/lang/NoSuchMethodError'{0x000000008a3a8060}: 'java.lang.Object java.lang.invoke.Invokers$Holder.invoke_MT(java.lang.Object, java.lang.Object, java.lang.Object, java.lang.Object, java.lang.Object, java.lang.Object)'> (0x000000008a3a8060) 
thrown [s\src\hotspot\share\interpreter\linkResolver.cpp, line 804]
Event: 0.718 Thread 0x000001f1ea5afec0 Exception <a 'java/lang/NoSuchMethodError'{0x000000008a3b0d70}: 'java.lang.Object java.lang.invoke.DirectMethodHandle$Holder.invokeStatic(java.lang.Object, java.lang.Object, int)'> (0x000000008a3b0d70) 
thrown [s\src\hotspot\share\interpreter\linkResolver.cpp, line 804]
Event: 0.720 Thread 0x000001f1ea5afec0 Exception <a 'java/lang/NoSuchMethodError'{0x000000008a3d2648}: 'void java.lang.invoke.DelegatingMethodHandle$Holder.delegate(java.lang.Object, java.lang.Object, int, java.lang.Object)'> (0x000000008a3d2648) 
thrown [s\src\hotspot\share\interpreter\linkResolver.cpp, line 804]
Event: 0.723 Thread 0x000001f1ea5afec0 Exception <a 'java/lang/NoSuchMethodError'{0x000000008a3f8580}: 'void java.lang.invoke.DirectMethodHandle$Holder.invokeVirtual(java.lang.Object, java.lang.Object)'> (0x000000008a3f8580) 
thrown [s\src\hotspot\share\interpreter\linkResolver.cpp, line 804]
Event: 0.788 Thread 0x000001f1ea5afec0 Exception <a 'java/io/IOException'{0x000000008a0c4088}> (0x000000008a0c4088) 
thrown [s\src\hotspot\share\prims\jni.cpp, line 516]
Event: 0.803 Thread 0x000001f1ea5afec0 Exception <a 'java/lang/NoSuchMethodError'{0x000000008a0ea928}: 'void java.lang.invoke.DirectMethodHandle$Holder.invokeStaticInit(java.lang.Object)'> (0x000000008a0ea928) 
thrown [s\src\hotspot\share\interpreter\linkResolver.cpp, line 804]
Event: 0.811 Thread 0x000001f1ea5afec0 Exception <a 'java/lang/NoSuchMethodError'{0x0000000089f17a80}: 'long java.lang.invoke.DirectMethodHandle$Holder.invokeStaticInit(java.lang.Object, long, long, long, long)'> (0x0000000089f17a80) 
thrown [s\src\hotspot\share\interpreter\linkResolver.cpp, line 804]
Event: 0.811 Thread 0x000001f1ea5afec0 Exception <a 'java/lang/NoSuchMethodError'{0x0000000089f204e0}: 'java.lang.Object java.lang.invoke.DirectMethodHandle$Holder.invokeInterface(java.lang.Object, java.lang.Object, long, long)'> (0x0000000089f204e0) 
thrown [s\src\hotspot\share\interpreter\linkResolver.cpp, line 804]
Event: 0.812 Thread 0x000001f1ea5afec0 Exception <a 'java/lang/NoSuchMethodError'{0x0000000089f38e88}: 'void java.lang.invoke.DirectMethodHandle$Holder.invokeStaticInit(java.lang.Object, java.lang.Object, long, java.lang.Object)'> (0x0000000089f38e88) 
thrown [s\src\hotspot\share\interpreter\linkResolver.cpp, line 804]
Event: 0.812 Thread 0x000001f1ea5afec0 Exception <a 'java/lang/NoSuchMethodError'{0x0000000089f41640}: 'long java.lang.invoke.DirectMethodHandle$Holder.invokeStatic(java.lang.Object, long, long)'> (0x0000000089f41640) 
thrown [s\src\hotspot\share\interpreter\linkResolver.cpp, line 804]
Event: 0.814 Thread 0x000001f1ea5afec0 Exception <a 'java/lang/NoSuchMethodError'{0x0000000089f636c8}: 'java.lang.Object java.lang.invoke.DirectMethodHandle$Holder.newInvokeSpecial(java.lang.Object, int, java.lang.Object)'> (0x0000000089f636c8) 
thrown [s\src\hotspot\share\interpreter\linkResolver.cpp, line 804]
Event: 0.834 Thread 0x000001f1ea5afec0 Exception <a 'java/lang/NoSuchMethodError'{0x0000000089ff28f8}: 'void java.lang.invoke.DelegatingMethodHandle$Holder.reinvoke_L(java.lang.Object, java.lang.Object, java.lang.Object, long, float)'> (0x0000000089ff28f8) 
thrown [s\src\hotspot\share\interpreter\linkResolver.cpp, line 804]
Event: 0.835 Thread 0x000001f1ea5afec0 Exception <a 'java/lang/NoSuchMethodError'{0x0000000089e0ada8}: 'java.lang.Object java.lang.invoke.DirectMethodHandle$Holder.invokeStatic(java.lang.Object, java.lang.Object, java.lang.Object, java.lang.Object, long)'> (0x0000000089e0ada8) 
thrown [s\src\hotspot\share\interpreter\linkResolver.cpp, line 804]
Event: 0.836 Thread 0x000001f1ea5afec0 Exception <a 'java/lang/NoSuchMethodError'{0x0000000089e2d080}: 'float java.lang.invoke.DelegatingMethodHandle$Holder.reinvoke_L(java.lang.Object, java.lang.Object, java.lang.Object, long)'> (0x0000000089e2d080) 
thrown [s\src\hotspot\share\interpreter\linkResolver.cpp, line 804]

VM Operations (20 events):
Event: 0.623 Executing non-safepoint VM operation: HandshakeAllThreads (Deoptimize)
Event: 0.623 Executing non-safepoint VM operation: HandshakeAllThreads (Deoptimize) done
Event: 0.717 Executing non-safepoint VM operation: HandshakeAllThreads (Deoptimize)
Event: 0.717 Executing non-safepoint VM operation: HandshakeAllThreads (Deoptimize) done
Event: 0.719 Executing non-safepoint VM operation: HandshakeAllThreads (Deoptimize)
Event: 0.719 Executing non-safepoint VM operation: HandshakeAllThreads (Deoptimize) done
Event: 0.732 Executing non-safepoint VM operation: HandshakeAllThreads (Deoptimize)
Event: 0.732 Executing non-safepoint VM operation: HandshakeAllThreads (Deoptimize) done
Event: 0.743 Executing non-safepoint VM operation: HandshakeAllThreads (Deoptimize)
Event: 0.743 Executing non-safepoint VM operation: HandshakeAllThreads (Deoptimize) done
Event: 0.791 Executing non-safepoint VM operation: HandshakeAllThreads (Deoptimize)
Event: 0.791 Executing non-safepoint VM operation: HandshakeAllThreads (Deoptimize) done
Event: 0.813 Executing non-safepoint VM operation: HandshakeAllThreads (Deoptimize)
Event: 0.813 Executing non-safepoint VM operation: HandshakeAllThreads (Deoptimize) done
Event: 0.829 Executing non-safepoint VM operation: HandshakeAllThreads (Deoptimize)
Event: 0.829 Executing non-safepoint VM operation: HandshakeAllThreads (Deoptimize) done
Event: 0.863 Executing non-safepoint VM operation: HandshakeAllThreads (Deoptimize)
Event: 0.863 Executing non-safepoint VM operation: HandshakeAllThreads (Deoptimize) done
Event: 2.617 Executing non-safepoint VM operation: HandshakeAllThreads (Deoptimize)
Event: 2.617 Executing non-safepoint VM operation: HandshakeAllThreads (Deoptimize) done

Memory protections (0 events):
No events

Nmethod flushes (0 events):
No events

Events (20 events):
Event: 0.026 Thread 0x000001f1ea5afec0 Thread added: 0x000001f1fade0230
Event: 0.026 Thread 0x000001f1ea5afec0 Thread added: 0x000001f1fadde7a0
Event: 0.026 Thread 0x000001f1ea5afec0 Thread added: 0x000001f1fae0f850
Event: 0.042 Thread 0x000001f1ea5afec0 Thread added: 0x000001f1ff0c2d40
Event: 0.054 Thread 0x000001f1ea5afec0 Thread added: 0x000001f1ff141a60
Event: 0.056 Thread 0x000001f1fae0f850 Thread added: 0x000001f1ff1d4c30
Event: 0.110 Thread 0x000001f1ea5afec0 Thread added: 0x000001f1ff71ac00
Event: 0.110 Thread 0x000001f1ea5afec0 Thread added: 0x000001f1ff72b780
Event: 0.110 Thread 0x000001f1ea5afec0 Thread added: 0x000001f1ff730a10
Event: 0.246 Thread 0x000001f1ff1d4c30 Thread exited: 0x000001f1ff1d4c30
Event: 0.370 Thread 0x000001f1ea5afec0 Thread added: 0x000001f19341c550
Event: 0.463 Thread 0x000001f1ea5afec0 Thread added: 0x000001f1934d5850
Event: 0.481 Thread 0x000001f1ea5afec0 Thread added: 0x000001f19352fc60
Event: 0.496 Thread 0x000001f1fae0f850 Thread added: 0x000001f1ff9b4f60
Event: 0.506 Thread 0x000001f1fae0f850 Thread added: 0x000001f1ff9b5f80
Event: 0.862 Thread 0x000001f1ea5afec0 Thread exited: 0x000001f1ea5afec0
Event: 0.862 Thread 0x000001f1ff9d3f30 Thread added: 0x000001f1ff9d3f30
Event: 0.871 Thread 0x000001f1934d5850 Thread added: 0x000001f1ff9d3760
Event: 1.195 Thread 0x000001f1ff9b5f80 Thread exited: 0x000001f1ff9b5f80
Event: 1.195 Thread 0x000001f1ff9b4f60 Thread exited: 0x000001f1ff9b4f60


Dynamic libraries:
0x00007ff644ec0000 - 0x00007ff644ece000 	C:\Program Files\Apache NetBeans\jdk\bin\java.exe
0x00007ffa36960000 - 0x00007ffa36bc6000 	C:\Windows\SYSTEM32\ntdll.dll
0x00007ffa35ee0000 - 0x00007ffa35fa9000 	C:\Windows\System32\KERNEL32.DLL
0x00007ffa33ee0000 - 0x00007ffa342da000 	C:\Windows\System32\KERNELBASE.dll
0x00007ffa33cd0000 - 0x00007ffa33e1c000 	C:\Windows\System32\ucrtbase.dll
0x00007ffa1d7c0000 - 0x00007ffa1d7de000 	C:\Program Files\Apache NetBeans\jdk\bin\VCRUNTIME140.dll
0x00007ffa1af70000 - 0x00007ffa1af86000 	C:\Program Files\Apache NetBeans\jdk\bin\jli.dll
0x00007ffa35fb0000 - 0x00007ffa36177000 	C:\Windows\System32\USER32.dll
0x00007ffa33bf0000 - 0x00007ffa33c17000 	C:\Windows\System32\win32u.dll
0x00007ffa351e0000 - 0x00007ffa3520b000 	C:\Windows\System32\GDI32.dll
0x00007ffa08390000 - 0x00007ffa08622000 	C:\Windows\WinSxS\amd64_microsoft.windows.common-controls_6595b64144ccf1df_6.0.26100.8521_none_3e08b75ce33403b3\COMCTL32.dll
0x00007ffa342e0000 - 0x00007ffa3440b000 	C:\Windows\System32\gdi32full.dll
0x00007ffa34f10000 - 0x00007ffa34fb9000 	C:\Windows\System32\msvcrt.dll
0x00007ffa34620000 - 0x00007ffa346c3000 	C:\Windows\System32\msvcp_win.dll
0x00007ffa34ed0000 - 0x00007ffa34f02000 	C:\Windows\System32\IMM32.DLL
0x00007ffa2a6d0000 - 0x00007ffa2a6dc000 	C:\Program Files\Apache NetBeans\jdk\bin\vcruntime140_1.dll
0x00007ffa15880000 - 0x00007ffa1590d000 	C:\Program Files\Apache NetBeans\jdk\bin\msvcp140.dll
0x00007ffa1e490000 - 0x00007ffa1f3b6000 	C:\Program Files\Apache NetBeans\jdk\bin\server\jvm.dll
0x00007ffa36710000 - 0x00007ffa367c6000 	C:\Windows\System32\ADVAPI32.dll
0x00007ffa355a0000 - 0x00007ffa3564a000 	C:\Windows\System32\sechost.dll
0x00007ffa356d0000 - 0x00007ffa357e8000 	C:\Windows\System32\RPCRT4.dll
0x00007ffa367f0000 - 0x00007ffa36870000 	C:\Windows\System32\WS2_32.dll
0x00007ffa327b0000 - 0x00007ffa3280e000 	C:\Windows\SYSTEM32\POWRPROF.dll
0x00007ffa2bfe0000 - 0x00007ffa2bfeb000 	C:\Windows\SYSTEM32\VERSION.dll
0x00007ffa30740000 - 0x00007ffa30776000 	C:\Windows\SYSTEM32\WINMM.dll
0x00007ffa32790000 - 0x00007ffa327a4000 	C:\Windows\SYSTEM32\UMPDC.dll
0x00007ffa32a70000 - 0x00007ffa32a8b000 	C:\Windows\SYSTEM32\kernel.appcore.dll
0x00007ffa1be50000 - 0x00007ffa1be5a000 	C:\Program Files\Apache NetBeans\jdk\bin\jimage.dll
0x00007ffa30ca0000 - 0x00007ffa30ee2000 	C:\Windows\SYSTEM32\DBGHELP.DLL
0x00007ffa35210000 - 0x00007ffa35593000 	C:\Windows\System32\combase.dll
0x00007ffa35ad0000 - 0x00007ffa35ba9000 	C:\Windows\System32\OLEAUT32.dll
0x00007ff9ffdf0000 - 0x00007ff9ffe2b000 	C:\Windows\SYSTEM32\dbgcore.DLL
0x00007ffa33c20000 - 0x00007ffa33cc8000 	C:\Windows\System32\bcryptPrimitives.dll
0x00007ffa1d6b0000 - 0x00007ffa1d6ce000 	C:\Program Files\Apache NetBeans\jdk\bin\java.dll
0x00007ffa35040000 - 0x00007ffa351d8000 	C:\Windows\System32\ole32.dll
0x00007ffa34740000 - 0x00007ffa34ec4000 	C:\Windows\System32\SHELL32.dll
0x00007ffa317b0000 - 0x00007ffa32030000 	C:\Windows\SYSTEM32\windows.storage.dll
0x00007ffa35bb0000 - 0x00007ffa35ca6000 	C:\Windows\System32\SHCORE.dll
0x00007ffa34fc0000 - 0x00007ffa35027000 	C:\Windows\System32\shlwapi.dll
0x00007ffa33b10000 - 0x00007ffa33b39000 	C:\Windows\SYSTEM32\profapi.dll
0x00007ffa19f80000 - 0x00007ffa19f91000 	C:\Program Files\Apache NetBeans\jdk\bin\net.dll
0x00007ffa32ff0000 - 0x00007ffa3305c000 	C:\Windows\system32\mswsock.dll
0x00007ffa19e80000 - 0x00007ffa19e96000 	C:\Program Files\Apache NetBeans\jdk\bin\nio.dll
0x00007ffa1a0e0000 - 0x00007ffa1a0f7000 	C:\Program Files\Apache NetBeans\jdk\bin\zip.dll
0x00007ffa12c00000 - 0x00007ffa12d80000 	C:\Program Files\Apache NetBeans\jdk\bin\awt.dll
0x00007ffa30030000 - 0x00007ffa300d0000 	C:\Windows\SYSTEM32\apphelp.dll
0x00007ffa30490000 - 0x00007ffa304bf000 	C:\Windows\system32\DWMAPI.DLL
0x00007ffa30190000 - 0x00007ffa3023a000 	C:\Windows\system32\uxtheme.dll
0x00007ffa127f0000 - 0x00007ffa128fc000 	C:\Windows\system32\opengl32.dll
0x00007ffa15850000 - 0x00007ffa1587d000 	C:\Windows\SYSTEM32\GLU32.dll
0x00007ffa30f10000 - 0x00007ffa30f54000 	C:\Windows\SYSTEM32\dxcore.dll
0x00007ff992750000 - 0x00007ff992883000 	C:\ProgramData\A-Volute\A-Volute.Nahimic\Modules\Scheduled\x64\AudioDevProps2.dll
0x00007ffa358b0000 - 0x00007ffa35a0d000 	C:\Windows\System32\MSCTF.dll
0x00007ff9e4540000 - 0x00007ff9e46f1000 	C:\Windows\system32\d3d9.dll
0x00007ff9fc090000 - 0x00007ff9fc152000 	C:\Windows\System32\DriverStore\FileRepository\nvlt.inf_amd64_d22ef3b0a30c6e31\nvldumdx.dll
0x00007ffa33360000 - 0x00007ffa33373000 	C:\Windows\SYSTEM32\msasn1.dll
0x00007ffa29540000 - 0x00007ffa2957b000 	C:\Windows\SYSTEM32\cryptnet.dll
0x00007ffa34410000 - 0x00007ffa34588000 	C:\Windows\System32\CRYPT32.dll
0x00007ffa33310000 - 0x00007ffa3331c000 	C:\Windows\SYSTEM32\cryptbase.dll
0x00007ffa333d0000 - 0x00007ffa3343a000 	C:\Windows\SYSTEM32\wldp.dll
0x00007ffa29250000 - 0x00007ffa293c8000 	C:\Windows\SYSTEM32\drvstore.dll
0x00007ffa338d0000 - 0x00007ffa338fd000 	C:\Windows\SYSTEM32\devobj.dll
0x00007ffa33850000 - 0x00007ffa338a1000 	C:\Windows\SYSTEM32\cfgmgr32.dll
0x00007ffa34590000 - 0x00007ffa34613000 	C:\Windows\System32\wintrust.dll
0x00007ffa35a20000 - 0x00007ffa35a40000 	C:\Windows\System32\imagehlp.dll
0x00007ffa332f0000 - 0x00007ffa3330b000 	C:\Windows\SYSTEM32\CRYPTSP.dll
0x00007ffa329d0000 - 0x00007ffa32a09000 	C:\Windows\system32\rsaenh.dll
0x00007ffa33ae0000 - 0x00007ffa33b0a000 	C:\Windows\SYSTEM32\bcrypt.dll
0x00007ff9f7b10000 - 0x00007ff9fb5c3000 	C:\Windows\System32\DriverStore\FileRepository\nvlt.inf_amd64_d22ef3b0a30c6e31\nvgpucomp64.dll
0x00007ff9f72a0000 - 0x00007ff9f737d000 	C:\Windows\System32\DriverStore\FileRepository\nvlt.inf_amd64_d22ef3b0a30c6e31\NvMemMapStoragex.dll
0x00007ff99ca60000 - 0x00007ff99eced000 	C:\Windows\System32\DriverStore\FileRepository\nvlt.inf_amd64_d22ef3b0a30c6e31\nvd3dumx.dll
0x00007ffa2c350000 - 0x00007ffa2c3af000 	C:\Windows\SYSTEM32\directxdatabasehelper.dll
0x00007ffa1b920000 - 0x00007ffa1ba67000 	C:\Windows\system32\nvspcap64.dll
0x00007ffa32b90000 - 0x00007ffa32bc6000 	C:\Windows\SYSTEM32\ntmarta.dll
0x00007ffa33060000 - 0x00007ffa3308f000 	C:\Windows\SYSTEM32\gpapi.dll
0x00007ff9de5a0000 - 0x00007ff9de754000 	C:\Windows\System32\DriverStore\FileRepository\nvlt.inf_amd64_d22ef3b0a30c6e31\nvppex.dll
0x00007ffa32440000 - 0x00007ffa3258a000 	C:\Windows\SYSTEM32\DNSAPI.dll
0x00007ffa32de0000 - 0x00007ffa32ded000 	C:\Windows\SYSTEM32\DSPARSE.dll
0x00007ffa323b0000 - 0x00007ffa323e3000 	C:\Windows\SYSTEM32\IPHLPAPI.DLL
0x000001f196b70000 - 0x000001f196b7a000 	C:\Windows\System32\NSI.dll
0x00007ffa177f0000 - 0x00007ffa177fb000 	C:\Windows\System32\rasadhlp.dll
0x00007ffa2b440000 - 0x00007ffa2b4c6000 	C:\Windows\System32\fwpuclnt.dll
0x00007ffa18400000 - 0x00007ffa18409000 	C:\Program Files\Apache NetBeans\jdk\bin\extnet.dll
0x00007ffa330a0000 - 0x00007ffa330d3000 	C:\Windows\SYSTEM32\USERENV.dll
0x00007ffa211e0000 - 0x00007ffa211ee000 	C:\Program Files\Apache NetBeans\jdk\bin\sunmscapi.dll
0x00007ffa33510000 - 0x00007ffa33540000 	C:\Windows\SYSTEM32\ncrypt.dll
0x00007ffa334c0000 - 0x00007ffa334ff000 	C:\Windows\SYSTEM32\NTASN1.dll
0x00007ff998840000 - 0x00007ff9988c7000 	C:\Program Files\Apache NetBeans\jdk\bin\freetype.dll
0x00007ff994930000 - 0x00007ff994a1f000 	C:\Program Files\Apache NetBeans\jdk\bin\fontmanager.dll
0x00007ff9eb730000 - 0x00007ff9eb878000 	C:\Windows\SYSTEM32\textinputframework.dll
0x00007ffa2fb90000 - 0x00007ffa2fcb5000 	C:\Windows\SYSTEM32\CoreMessaging.dll
0x00007ffa2b4d0000 - 0x00007ffa2b7b4000 	C:\Windows\SYSTEM32\CoreUIComponents.dll
0x00007ffa2c980000 - 0x00007ffa2caea000 	C:\Windows\SYSTEM32\wintypes.dll
0x00007ff9e3d50000 - 0x00007ff9e3e03000 	C:\Windows\SYSTEM32\TextShaping.dll

JVMTI agents: none

dbghelp: loaded successfully - version: 4.0.5 - missing functions: none
symbol engine: initialized successfully - sym options: 0x614 - pdb path: .;C:\Program Files\Apache NetBeans\jdk\bin;C:\Windows\SYSTEM32;C:\Windows\WinSxS\amd64_microsoft.windows.common-controls_6595b64144ccf1df_6.0.26100.8521_none_3e08b75ce33403b3;C:\Program Files\Apache NetBeans\jdk\bin\server;C:\ProgramData\A-Volute\A-Volute.Nahimic\Modules\Scheduled\x64;C:\Windows\System32\DriverStore\FileRepository\nvlt.inf_amd64_d22ef3b0a30c6e31

VM Arguments:
jvm_args: -Dfile.encoding=UTF-8 --module-path=C:\Users\juans\Desktop\Skyline Tickets\repositorio_Skyline\Skyline-Tickets\build\classes 
java_command: skyline_tickets.SkylineTickets
java_class_path (initial): C:\Users\juans\Desktop\mysql-connector-j-8.0.32.jar;C:\Users\juans\Desktop\itextpdf-5.5.13.2.jar;C:\Users\juans\Desktop\Skyline Tickets\repositorio_Skyline\jfreechart-1.0.19.jar;C:\Users\juans\Desktop\Skyline Tickets\repositorio_Skyline\jcommon-1.0.23.jar;C:\Users\juans\Desktop\Skyline Tickets\repositorio_Skyline\Skyline-Tickets\build\classes
Launcher Type: SUN_STANDARD

[Global flags]
     intx CICompilerCount                          = 4                                         {product} {ergonomic}
     uint ConcGCThreads                            = 3                                         {product} {ergonomic}
     uint G1ConcRefinementThreads                  = 10                                        {product} {ergonomic}
   size_t G1HeapRegionSize                         = 1048576                                   {product} {ergonomic}
   size_t InitialHeapSize                          = 130023424                                 {product} {ergonomic}
   size_t MarkStackSize                            = 4194304                                   {product} {ergonomic}
   size_t MarkStackSizeMax                         = 536870912                                 {product} {ergonomic}
   size_t MaxHeapSize                              = 2076180480                                {product} {ergonomic}
   size_t MaxNewSize                               = 1245708288                                {product} {ergonomic}
   size_t MinHeapDeltaBytes                        = 1048576                                   {product} {ergonomic}
   size_t MinHeapSize                              = 8388608                                   {product} {ergonomic}
    uintx NonNMethodCodeHeapSize                   = 5832704                                {pd product} {ergonomic}
    uintx NonProfiledCodeHeapSize                  = 122945536                              {pd product} {ergonomic}
    uintx ProfiledCodeHeapSize                     = 122880000                              {pd product} {ergonomic}
    uintx ReservedCodeCacheSize                    = 251658240                              {pd product} {ergonomic}
     bool SegmentedCodeCache                       = true                                      {product} {ergonomic}
   size_t SoftMaxHeapSize                          = 2076180480                             {manageable} {ergonomic}
     bool UseCompressedOops                        = true                           {product lp64_product} {ergonomic}
     bool UseG1GC                                  = true                                      {product} {ergonomic}
     bool UseLargePagesIndividualAllocation        = false                                  {pd product} {ergonomic}

Logging:
Log output configuration:
 #0: stdout all=warning uptime,level,tags foldmultilines=false
 #1: stderr all=off uptime,level,tags foldmultilines=false

Release file:
IMPLEMENTOR="Eclipse Adoptium" 
IMPLEMENTOR_VERSION="Temurin-25.0.1+8" 
JAVA_RUNTIME_VERSION="25.0.1+8-LTS" 
JAVA_VERSION="25.0.1" 
JAVA_VERSION_DATE="2025-10-21" 
LIBC="default" 
MODULES="java.base java.compiler java.datatransfer java.xml java.prefs java.desktop java.instrument java.logging java.management java.security.sasl java.naming java.rmi java.management.rmi java.net.http java.scripting java.security.jgss java.transaction.xa java.sql java.sql.rowset java.xml.crypto java.se java.smartcardio jdk.accessibility jdk.internal.jvmstat jdk.attach jdk.charsets jdk.internal.opt jdk.zipfs jdk.compiler jdk.crypto.cryptoki jdk.crypto.ec jdk.crypto.mscapi jdk.dynalink jdk.internal.ed jdk.editpad jdk.internal.vm.ci jdk.graal.compiler jdk.graal.compiler.management jdk.hotspot.agent jdk.httpserver jdk.incubator.vector jdk.internal.le jdk.internal.md jdk.jartool jdk.javadoc jdk.jcmd jdk.management jdk.management.agent jdk.jconsole jdk.jdeps jdk.jdwp.agent jdk.jdi jdk.jfr jdk.jlink jdk.jpackage jdk.jshell jdk.jsobject jdk.jstatd jdk.localedata jdk.management.jfr jdk.naming.dns jdk.naming.rmi jdk.net jdk.nio.mapmode jdk.sctp jdk.security.auth jdk.security.jgss jdk.unsupported jdk.unsupported.desktop jdk.xml.dom" 
OS_ARCH="x86_64" 
OS_NAME="Windows" 
SOURCE=".:git:61d6a2c1b35e" 
BUILD_SOURCE="git:839fa0b45d809157cffd3dc8515aad262a4a1776"
BUILD_SOURCE_REPO="https://github.com/adoptium/temurin-build.git"
SOURCE_REPO="https://github.com/adoptium/jdk25u.git"
FULL_VERSION="25.0.1+8-LTS"
SEMANTIC_VERSION="25.0.1+8"
BUILD_INFO="OS: Windows Server 2022 Version: 10.0"
JVM_VARIANT="Hotspot"
JVM_VERSION="25.0.1+8-LTS"
IMAGE_TYPE="JDK"

Environment Variables:
PATH=C:\Program Files (x86)\Common Files\Oracle\Java\java8path;C:\Program Files (x86)\Common Files\Oracle\Java\javapath;C:\Windows\system32;C:\Windows;C:\Windows\System32\Wbem;C:\Windows\System32\WindowsPowerShell\v1.0\;C:\Windows\System32\OpenSSH\;C:\Program Files\NVIDIA Corporation\NVIDIA App\NvDLISR;C:\Program Files\Git\cmd;C:\Users\juans\AppData\Local\Microsoft\WindowsApps;C:\Users\juans\AppData\Local\Programs\Microsoft VS Code\bin
USERNAME=juans
OS=Windows_NT
PROCESSOR_IDENTIFIER=Intel64 Family 6 Model 151 Stepping 2, GenuineIntel
TMP=C:\Users\juans\AppData\Local\Temp
TEMP=C:\Users\juans\AppData\Local\Temp




Compilation memory statistics disabled.

Periodic native trim disabled

---------------  S Y S T E M  ---------------

OS:
 Windows 11 , 64 bit Build 26100 (10.0.26100.8521)
OS uptime: 0 days 3:30 hours
Hyper-V role detected

CPU: total 12 (initial active 12) (6 cores per cpu, 2 threads per core) family 6 model 151 stepping 2 microcode 0x3a, cx8, cmov, fxsr, ht, mmx, 3dnowpref, sse, sse2, sse3, ssse3, sse4.1, sse4.2, popcnt, lzcnt, tsc, tscinvbit, avx, avx2, aes, erms, clmul, bmi1, bmi2, adx, sha, fma, vzeroupper, clflush, clflushopt, clwb, hv, serialize, rdtscp, rdpid, fsrm, gfni, f16c, cet_ibt, cet_ss
Processor Information for processor 0
  Max Mhz: 2400, Current Mhz: 2400, Mhz Limit: 2400
Processor Information for processor 1
  Max Mhz: 2400, Current Mhz: 2400, Mhz Limit: 2400
Processor Information for processor 2
  Max Mhz: 2400, Current Mhz: 2400, Mhz Limit: 2400
Processor Information for processor 3
  Max Mhz: 2400, Current Mhz: 2400, Mhz Limit: 2400
Processor Information for processor 4
  Max Mhz: 2400, Current Mhz: 1520, Mhz Limit: 2400
Processor Information for processor 5
  Max Mhz: 2400, Current Mhz: 2400, Mhz Limit: 2400
Processor Information for processor 6
  Max Mhz: 2400, Current Mhz: 2400, Mhz Limit: 2400
Processor Information for processor 7
  Max Mhz: 2400, Current Mhz: 2400, Mhz Limit: 2400
Processor Information for processor 8
  Max Mhz: 2400, Current Mhz: 1800, Mhz Limit: 1800
Processor Information for processor 9
  Max Mhz: 2400, Current Mhz: 1800, Mhz Limit: 1800
Processor Information for processor 10
  Max Mhz: 2400, Current Mhz: 1800, Mhz Limit: 1800
Processor Information for processor 11
  Max Mhz: 2400, Current Mhz: 1800, Mhz Limit: 1800

Memory: 4k page, system-wide physical 7915M (560M free)
TotalPageFile size 32491M (AvailPageFile size 0M)
current process WorkingSet (physical memory assigned to process): 158M, peak: 158M
current process commit charge ("private bytes"): 324M, peak: 325M

vm_info: OpenJDK 64-Bit Server VM (25.0.1+8-LTS) for windows-amd64 JRE (25.0.1+8-LTS), built on 2025-10-21T00:00:00Z with unknown MS VC++:1942

END.
